TN:
SF:d:\Udemy videos\Javascript Build Automation with Gulp.js\pluralsight-gulp-master\src\client\app\app.module.js
FN:1,(anonymous_1)
FNF:1
FNH:1
FNDA:1,(anonymous_1)
DA:1,1
DA:5,1
LF:2
LH:2
BRF:0
BRH:0
end_of_record
TN:
SF:d:\Udemy videos\Javascript Build Automation with Gulp.js\pluralsight-gulp-master\src\client\app\blocks\diagnostics\diagnostics.module.js
FN:1,(anonymous_1)
FNF:1
FNH:1
FNDA:1,(anonymous_1)
DA:1,1
DA:4,1
LF:2
LH:2
BRF:0
BRH:0
end_of_record
TN:
SF:d:\Udemy videos\Javascript Build Automation with Gulp.js\pluralsight-gulp-master\src\client\app\blocks\exception\exception.module.js
FN:1,(anonymous_1)
FNF:1
FNH:1
FNDA:1,(anonymous_1)
DA:1,1
DA:4,1
LF:2
LH:2
BRF:0
BRH:0
end_of_record
TN:
SF:d:\Udemy videos\Javascript Build Automation with Gulp.js\pluralsight-gulp-master\src\client\app\blocks\logger\logger.module.js
FN:1,(anonymous_1)
FNF:1
FNH:1
FNDA:1,(anonymous_1)
DA:1,1
DA:4,1
LF:2
LH:2
BRF:0
BRH:0
end_of_record
TN:
SF:d:\Udemy videos\Javascript Build Automation with Gulp.js\pluralsight-gulp-master\src\client\app\blocks\router\router.module.js
FN:1,(anonymous_1)
FNF:1
FNH:1
FNDA:1,(anonymous_1)
DA:1,1
DA:4,1
LF:2
LH:2
BRF:0
BRH:0
end_of_record
TN:
SF:d:\Udemy videos\Javascript Build Automation with Gulp.js\pluralsight-gulp-master\src\client\app\core\core.module.js
FN:1,(anonymous_1)
FNF:1
FNH:1
FNDA:1,(anonymous_1)
DA:1,1
DA:4,1
LF:2
LH:2
BRF:0
BRH:0
end_of_record
TN:
SF:d:\Udemy videos\Javascript Build Automation with Gulp.js\pluralsight-gulp-master\src\client\app\customers\customers.module.js
FN:1,(anonymous_1)
FNF:1
FNH:1
FNDA:1,(anonymous_1)
DA:1,1
DA:4,1
LF:2
LH:2
BRF:0
BRH:0
end_of_record
TN:
SF:d:\Udemy videos\Javascript Build Automation with Gulp.js\pluralsight-gulp-master\src\client\app\dashboard\dashboard.module.js
FN:1,(anonymous_1)
FNF:1
FNH:1
FNDA:1,(anonymous_1)
DA:1,1
DA:4,1
LF:2
LH:2
BRF:0
BRH:0
end_of_record
TN:
SF:d:\Udemy videos\Javascript Build Automation with Gulp.js\pluralsight-gulp-master\src\client\app\layout\layout.module.js
FN:1,(anonymous_1)
FNF:1
FNH:1
FNDA:1,(anonymous_1)
DA:1,1
DA:4,1
LF:2
LH:2
BRF:0
BRH:0
end_of_record
TN:
SF:d:\Udemy videos\Javascript Build Automation with Gulp.js\pluralsight-gulp-master\src\client\app\widgets\widgets.module.js
FN:1,(anonymous_1)
FNF:1
FNH:1
FNDA:1,(anonymous_1)
DA:1,1
DA:4,1
LF:2
LH:2
BRF:0
BRH:0
end_of_record
TN:
SF:d:\Udemy videos\Javascript Build Automation with Gulp.js\pluralsight-gulp-master\src\client\app\blocks\diagnostics\diagnostics.decorator.js
FN:1,(anonymous_1)
FN:20,bindingDecorator
FN:27,extendInterpolater
FN:36,interpolatorWrapper
FN:45,bindingWrapper
FN:48,bindingInspector
FNF:6
FNH:3
FNDA:1,(anonymous_1)
FNDA:46,bindingDecorator
FNDA:7,extendInterpolater
FNDA:0,interpolatorWrapper
FNDA:0,bindingWrapper
FNDA:0,bindingInspector
DA:1,1
DA:4,1
DA:8,1
DA:18,1
DA:20,1
DA:21,46
DA:25,1
DA:27,1
DA:28,7
DA:29,0
DA:30,0
DA:32,7
DA:36,1
DA:38,0
DA:39,0
DA:40,0
DA:41,0
DA:43,0
DA:45,1
DA:46,0
DA:48,1
DA:49,0
DA:50,0
DA:51,0
DA:52,0
DA:54,0
DA:55,0
LF:27
LH:13
BRDA:28,1,0,0
BRDA:28,1,1,7
BRDA:40,2,0,0
BRDA:40,2,1,0
BRDA:40,3,0,0
BRDA:40,3,1,0
BRDA:51,4,0,0
BRDA:51,4,1,0
BRF:8
BRH:1
end_of_record
TN:
SF:d:\Udemy videos\Javascript Build Automation with Gulp.js\pluralsight-gulp-master\src\client\app\blocks\exception\exception-handler.provider.js
FN:3,(anonymous_1)
FN:14,exceptionHandlerProvider
FN:20,(anonymous_3)
FN:24,(anonymous_4)
FN:35,config
FN:46,extendExceptionHandler
FN:47,(anonymous_7)
FNF:7
FNH:7
FNDA:1,(anonymous_1)
FNDA:54,exceptionHandlerProvider
FNDA:52,(anonymous_3)
FNDA:56,(anonymous_4)
FNDA:54,config
FNDA:54,extendExceptionHandler
FNDA:1,(anonymous_7)
DA:3,1
DA:6,1
DA:14,1
DA:16,54
DA:20,54
DA:21,52
DA:24,54
DA:25,56
DA:35,1
DA:36,54
DA:46,1
DA:47,54
DA:48,1
DA:49,1
DA:50,1
DA:51,1
DA:61,0
LF:17
LH:16
BRDA:48,1,0,1
BRDA:48,1,1,0
BRF:2
BRH:1
end_of_record
TN:
SF:d:\Udemy videos\Javascript Build Automation with Gulp.js\pluralsight-gulp-master\src\client\app\blocks\exception\exception.js
FN:1,(anonymous_1)
FN:9,exception
FN:15,catcher
FN:16,(anonymous_4)
FNF:4
FNH:3
FNDA:1,(anonymous_1)
FNDA:36,exception
FNDA:18,catcher
FNDA:0,(anonymous_4)
DA:1,1
DA:4,1
DA:9,1
DA:10,36
DA:13,36
DA:15,1
DA:16,18
DA:17,0
DA:18,0
DA:19,0
DA:20,0
DA:21,0
DA:23,0
DA:24,0
DA:25,0
LF:15
LH:7
BRDA:19,1,0,0
BRDA:19,1,1,0
BRDA:19,2,0,0
BRDA:19,2,1,0
BRF:4
BRH:0
end_of_record
TN:
SF:d:\Udemy videos\Javascript Build Automation with Gulp.js\pluralsight-gulp-master\src\client\app\blocks\logger\logger.js
FN:1,(anonymous_1)
FN:10,logger
FN:26,error
FN:31,info
FN:36,success
FN:41,warning
FNF:6
FNH:4
FNDA:1,(anonymous_1)
FNDA:54,logger
FNDA:0,error
FNDA:31,info
FNDA:3,success
FNDA:0,warning
DA:1,1
DA:4,1
DA:8,1
DA:10,1
DA:11,54
DA:23,54
DA:26,1
DA:27,0
DA:28,0
DA:31,1
DA:32,31
DA:33,31
DA:36,1
DA:37,3
DA:38,3
DA:41,1
DA:42,0
DA:43,0
LF:18
LH:14
BRF:0
BRH:0
end_of_record
TN:
SF:d:\Udemy videos\Javascript Build Automation with Gulp.js\pluralsight-gulp-master\src\client\app\blocks\router\router-helper.provider.js
FN:2,(anonymous_1)
FN:11,routerHelperProvider
FN:20,(anonymous_3)
FN:27,RouterHelper
FN:47,configureStates
FN:48,(anonymous_6)
FN:59,handleRoutingErrors
FN:64,(anonymous_8)
FN:82,init
FN:87,getStates
FN:89,updateDocTitle
FN:91,(anonymous_12)
FNF:12
FNH:11
FNDA:1,(anonymous_1)
FNDA:46,routerHelperProvider
FNDA:46,(anonymous_3)
FNDA:46,RouterHelper
FNDA:73,configureStates
FNDA:107,(anonymous_6)
FNDA:46,handleRoutingErrors
FNDA:0,(anonymous_8)
FNDA:46,init
FNDA:3,getStates
FNDA:46,updateDocTitle
FNDA:16,(anonymous_12)
DA:2,1
DA:5,1
DA:9,1
DA:11,1
DA:13,46
DA:18,46
DA:20,46
DA:21,46
DA:24,46
DA:25,46
DA:27,1
DA:28,46
DA:29,46
DA:30,46
DA:35,46
DA:41,46
DA:43,46
DA:47,1
DA:48,73
DA:49,107
DA:51,107
DA:53,73
DA:54,46
DA:55,46
DA:59,1
DA:63,46
DA:65,0
DA:66,0
DA:68,0
DA:69,0
DA:70,0
DA:73,0
DA:76,0
DA:77,0
DA:82,1
DA:83,46
DA:84,46
DA:87,3
DA:89,1
DA:90,46
DA:92,16
DA:93,16
DA:94,16
DA:95,16
LF:44
LH:36
BRDA:50,1,0,107
BRDA:50,1,1,107
BRDA:53,2,0,46
BRDA:53,2,1,27
BRDA:53,3,0,73
BRDA:53,3,1,49
BRDA:65,4,0,0
BRDA:65,4,1,0
BRDA:70,5,0,0
BRDA:70,5,1,0
BRDA:70,5,2,0
BRDA:70,5,3,0
BRDA:70,5,4,0
BRDA:74,6,0,0
BRDA:74,6,1,0
BRDA:74,7,0,0
BRDA:74,7,1,0
BRDA:75,8,0,0
BRDA:75,8,1,0
BRDA:94,9,0,16
BRDA:94,9,1,0
BRF:21
BRH:7
end_of_record
TN:
SF:d:\Udemy videos\Javascript Build Automation with Gulp.js\pluralsight-gulp-master\src\client\app\core\config.js
FN:1,(anonymous_1)
FN:9,toastrConfig
FN:28,configure
FN:44,configureStateHelper
FN:46,(anonymous_5)
FNF:5
FNH:5
FNDA:1,(anonymous_1)
FNDA:46,toastrConfig
FNDA:46,configure
FNDA:46,configureStateHelper
FNDA:17,(anonymous_5)
DA:1,1
DA:4,1
DA:6,1
DA:9,1
DA:10,46
DA:11,46
DA:14,1
DA:21,1
DA:23,1
DA:25,1
DA:28,1
DA:31,46
DA:33,46
DA:36,46
DA:37,46
DA:39,46
DA:40,46
DA:44,1
DA:45,46
DA:47,17
DA:51,46
LF:21
LH:21
BRDA:36,1,0,46
BRDA:36,1,1,0
BRF:2
BRH:1
end_of_record
TN:
SF:d:\Udemy videos\Javascript Build Automation with Gulp.js\pluralsight-gulp-master\src\client\app\core\constants.js
FN:2,(anonymous_1)
FNF:1
FNH:1
FNDA:1,(anonymous_1)
DA:2,1
DA:5,1
LF:2
LH:2
BRF:0
BRH:0
end_of_record
TN:
SF:d:\Udemy videos\Javascript Build Automation with Gulp.js\pluralsight-gulp-master\src\client\app\core\core.route.js
FN:1,(anonymous_1)
FN:9,appRun
FN:14,getStates
FNF:3
FNH:3
FNDA:1,(anonymous_1)
FNDA:46,appRun
FNDA:46,getStates
DA:1,1
DA:4,1
DA:9,1
DA:10,46
DA:11,46
DA:14,1
DA:15,46
LF:7
LH:7
BRF:0
BRH:0
end_of_record
TN:
SF:d:\Udemy videos\Javascript Build Automation with Gulp.js\pluralsight-gulp-master\src\client\app\core\dataservice.js
FN:1,(anonymous_1)
FN:9,dataservice
FN:21,getCustomer
FN:26,getCustomerComplete
FN:30,getCustomerFailed
FN:36,getCustomers
FN:41,getCustomersComplete
FN:45,getCustomersFailed
FN:51,getReady
FN:63,ready
FN:65,(anonymous_11)
FNF:11
FNH:7
FNDA:1,(anonymous_1)
FNDA:36,dataservice
FNDA:0,getCustomer
FNDA:0,getCustomerComplete
FNDA:0,getCustomerFailed
FNDA:2,getCustomers
FNDA:2,getCustomersComplete
FNDA:0,getCustomersFailed
FNDA:18,getReady
FNDA:18,ready
FNDA:18,(anonymous_11)
DA:1,1
DA:4,1
DA:9,1
DA:11,36
DA:13,36
DA:19,36
DA:21,1
DA:22,0
DA:26,1
DA:27,0
DA:30,1
DA:31,0
DA:32,0
DA:36,1
DA:37,2
DA:41,1
DA:42,2
DA:45,1
DA:46,0
DA:47,0
DA:51,1
DA:52,18
DA:57,15
DA:58,15
DA:60,18
DA:63,1
DA:64,18
DA:66,18
LF:28
LH:22
BRDA:52,1,0,15
BRDA:52,1,1,3
BRDA:66,2,0,0
BRDA:66,2,1,18
BRF:4
BRH:3
end_of_record
TN:
SF:d:\Udemy videos\Javascript Build Automation with Gulp.js\pluralsight-gulp-master\src\client\app\customers\customer-detail.controller.js
FN:1,(anonymous_1)
FN:9,CustomerDetail
FN:21,activate
FN:22,(anonymous_4)
FN:27,cancel
FN:31,getCustomer
FN:32,(anonymous_7)
FN:39,goBack
FN:43,isUnchanged
FN:47,getFullName
FN:51,save
FNF:11
FNH:6
FNDA:1,(anonymous_1)
FNDA:7,CustomerDetail
FNDA:7,activate
FNDA:7,(anonymous_4)
FNDA:0,cancel
FNDA:7,getCustomer
FNDA:7,(anonymous_7)
FNDA:0,goBack
FNDA:0,isUnchanged
FNDA:0,getFullName
FNDA:0,save
DA:1,1
DA:4,1
DA:9,1
DA:10,7
DA:11,7
DA:12,7
DA:13,7
DA:14,7
DA:15,7
DA:16,7
DA:17,7
DA:19,7
DA:21,1
DA:22,7
DA:23,7
DA:27,1
DA:28,0
DA:31,1
DA:32,7
DA:33,7
DA:34,7
DA:35,7
DA:39,1
DA:40,0
DA:43,1
DA:44,0
DA:47,1
DA:48,0
DA:51,1
DA:52,0
DA:53,0
LF:31
LH:25
BRDA:48,1,0,0
BRDA:48,1,1,0
BRF:2
BRH:0
end_of_record
TN:
SF:d:\Udemy videos\Javascript Build Automation with Gulp.js\pluralsight-gulp-master\src\client\app\customers\customers.controller.js
FN:1,(anonymous_1)
FN:9,Customers
FN:17,activate
FN:18,(anonymous_4)
FN:23,getCustomers
FN:24,(anonymous_6)
FN:30,gotoCustomer
FNF:7
FNH:6
FNDA:1,(anonymous_1)
FNDA:5,Customers
FNDA:5,activate
FNDA:5,(anonymous_4)
FNDA:5,getCustomers
FNDA:5,(anonymous_6)
FNDA:0,gotoCustomer
DA:1,1
DA:4,1
DA:9,1
DA:10,5
DA:11,5
DA:12,5
DA:13,5
DA:15,5
DA:17,1
DA:18,5
DA:19,5
DA:23,1
DA:24,5
DA:25,5
DA:26,5
DA:30,1
DA:31,0
LF:17
LH:16
BRF:0
BRH:0
end_of_record
TN:
SF:d:\Udemy videos\Javascript Build Automation with Gulp.js\pluralsight-gulp-master\src\client\app\customers\customers.route.js
FN:1,(anonymous_1)
FN:9,appRun
FN:13,getStates
FNF:3
FNH:3
FNDA:1,(anonymous_1)
FNDA:17,appRun
FNDA:17,getStates
DA:1,1
DA:4,1
DA:9,1
DA:10,17
DA:13,1
DA:14,17
LF:6
LH:6
BRF:0
BRH:0
end_of_record
TN:
SF:d:\Udemy videos\Javascript Build Automation with Gulp.js\pluralsight-gulp-master\src\client\app\dashboard\dashboard.controller.js
FN:1,(anonymous_1)
FN:8,Dashboard
FN:16,activate
FN:17,(anonymous_4)
FN:22,getCustomers
FN:23,(anonymous_6)
FN:29,gotoCustomer
FNF:7
FNH:6
FNDA:1,(anonymous_1)
FNDA:4,Dashboard
FNDA:4,activate
FNDA:4,(anonymous_4)
FNDA:4,getCustomers
FNDA:4,(anonymous_6)
FNDA:0,gotoCustomer
DA:1,1
DA:4,1
DA:8,1
DA:9,4
DA:10,4
DA:11,4
DA:12,4
DA:14,4
DA:16,1
DA:17,4
DA:18,4
DA:22,1
DA:23,4
DA:24,4
DA:25,4
DA:29,1
DA:30,0
LF:17
LH:16
BRF:0
BRH:0
end_of_record
TN:
SF:d:\Udemy videos\Javascript Build Automation with Gulp.js\pluralsight-gulp-master\src\client\app\dashboard\dashboard.route.js
FN:1,(anonymous_1)
FN:9,appRun
FN:13,getStates
FNF:3
FNH:3
FNDA:1,(anonymous_1)
FNDA:7,appRun
FNDA:7,getStates
DA:1,1
DA:4,1
DA:9,1
DA:10,7
DA:13,1
DA:14,7
LF:6
LH:6
BRF:0
BRH:0
end_of_record
TN:
SF:d:\Udemy videos\Javascript Build Automation with Gulp.js\pluralsight-gulp-master\src\client\app\layout\ht-sidebar.directive.js
FN:1,(anonymous_1)
FN:9,htSidebar
FN:26,link
FN:32,dropdown
FNF:4
FNH:4
FNDA:1,(anonymous_1)
FNDA:7,htSidebar
FNDA:7,link
FNDA:5,dropdown
DA:1,1
DA:4,1
DA:9,1
DA:16,7
DA:24,7
DA:26,1
DA:27,7
DA:28,7
DA:29,7
DA:30,7
DA:32,1
DA:33,5
DA:34,5
DA:35,5
DA:36,3
DA:37,3
DA:38,2
DA:39,2
DA:40,2
LF:19
LH:19
BRDA:35,1,0,3
BRDA:35,1,1,2
BRDA:38,2,0,2
BRDA:38,2,1,0
BRF:4
BRH:3
end_of_record
TN:
SF:d:\Udemy videos\Javascript Build Automation with Gulp.js\pluralsight-gulp-master\src\client\app\layout\ht-top-nav.directive.js
FN:1,(anonymous_1)
FN:9,htTopNav
FN:23,TopNavController
FNF:3
FNH:1
FNDA:1,(anonymous_1)
FNDA:0,htTopNav
FNDA:0,TopNavController
DA:1,1
DA:4,1
DA:9,1
DA:10,0
DA:23,1
DA:24,0
DA:27,0
LF:7
LH:4
BRF:0
BRH:0
end_of_record
TN:
SF:d:\Udemy videos\Javascript Build Automation with Gulp.js\pluralsight-gulp-master\src\client\app\layout\shell.controller.js
FN:1,(anonymous_1)
FN:9,Shell
FN:23,activate
FN:28,hideSplash
FN:30,(anonymous_5)
FNF:5
FNH:5
FNDA:1,(anonymous_1)
FNDA:3,Shell
FNDA:3,activate
FNDA:3,hideSplash
FNDA:1,(anonymous_5)
DA:1,1
DA:4,1
DA:9,1
DA:10,3
DA:12,3
DA:13,3
DA:14,3
DA:15,3
DA:16,3
DA:21,3
DA:23,1
DA:24,3
DA:25,3
DA:28,1
DA:30,3
DA:31,1
LF:16
LH:16
BRF:0
BRH:0
end_of_record
TN:
SF:d:\Udemy videos\Javascript Build Automation with Gulp.js\pluralsight-gulp-master\src\client\app\layout\sidebar.controller.js
FN:1,(anonymous_1)
FN:9,Sidebar
FN:17,activate
FN:19,getNavRoutes
FN:20,(anonymous_5)
FN:22,(anonymous_6)
FN:27,isCurrent
FNF:7
FNH:6
FNDA:1,(anonymous_1)
FNDA:3,Sidebar
FNDA:3,activate
FNDA:3,getNavRoutes
FNDA:9,(anonymous_5)
FNDA:0,(anonymous_6)
FNDA:3,isCurrent
DA:1,1
DA:4,1
DA:9,1
DA:10,3
DA:11,3
DA:12,3
DA:15,3
DA:17,3
DA:19,1
DA:20,3
DA:21,9
DA:23,0
DA:27,1
DA:28,3
DA:29,0
DA:31,3
DA:32,3
LF:17
LH:15
BRDA:21,1,0,9
BRDA:21,1,1,3
BRDA:28,2,0,0
BRDA:28,2,1,3
BRDA:28,3,0,3
BRDA:28,3,1,3
BRDA:28,3,2,3
BRDA:32,4,0,2
BRDA:32,4,1,1
BRF:9
BRH:8
end_of_record
TN:
SF:d:\Udemy videos\Javascript Build Automation with Gulp.js\pluralsight-gulp-master\src\client\app\widgets\ht-img-person.directive.js
FN:1,(anonymous_1)
FN:9,htImgPerson
FN:20,link
FN:21,(anonymous_4)
FNF:4
FNH:1
FNDA:1,(anonymous_1)
FNDA:0,htImgPerson
FNDA:0,link
FNDA:0,(anonymous_4)
DA:1,1
DA:4,1
DA:9,1
DA:12,0
DA:13,0
DA:14,0
DA:18,0
DA:20,1
DA:21,0
DA:22,0
DA:23,0
LF:11
LH:4
BRDA:22,1,0,0
BRDA:22,1,1,0
BRF:2
BRH:0
end_of_record
TN:
SF:d:\Udemy videos\Javascript Build Automation with Gulp.js\pluralsight-gulp-master\src\client\app\widgets\ht-widget-header.directive.js
FN:1,(anonymous_1)
FN:9,htWidgetHeader
FNF:2
FNH:1
FNDA:1,(anonymous_1)
FNDA:0,htWidgetHeader
DA:1,1
DA:4,1
DA:9,1
DA:16,0
DA:26,0
LF:5
LH:3
BRF:0
BRH:0
end_of_record
